
Gurobi 8.0.0 (linux64, Python) logging started Tue May 22 14:36:51 2018

Academic license - for non-commercial use only

Gurobi 8.0.0 (linux64, Python) logging started Tue May 22 14:36:54 2018

Academic license - for non-commercial use only

Gurobi 8.0.0 (linux64, Python) logging started Tue May 22 14:37:14 2018

Academic license - for non-commercial use only

Gurobi 8.0.0 (linux64, Python) logging started Tue May 22 14:38:04 2018

Academic license - for non-commercial use only

Gurobi 8.0.0 (linux64, Python) logging started Tue May 22 14:38:24 2018

Academic license - for non-commercial use only

Gurobi 8.0.0 (linux64, Python) logging started Tue May 22 14:40:42 2018

Academic license - for non-commercial use only

Gurobi 8.0.0 (linux64, Python) logging started Tue May 22 14:46:58 2018

Academic license - for non-commercial use only

Gurobi 8.0.0 (linux64, Python) logging started Tue May 22 14:51:17 2018

Academic license - for non-commercial use only

Gurobi 8.0.0 (linux64, Python) logging started Tue May 22 14:51:18 2018

Academic license - for non-commercial use only

Gurobi 8.0.0 (linux64, Python) logging started Tue May 22 14:53:20 2018

Academic license - for non-commercial use only

Gurobi 8.0.0 (linux64, Python) logging started Tue May 22 14:55:02 2018

Academic license - for non-commercial use only

Gurobi 8.0.0 (linux64, Python) logging started Tue May 22 14:55:20 2018

Academic license - for non-commercial use only

Gurobi 8.0.0 (linux64, Python) logging started Tue May 22 14:57:17 2018

Academic license - for non-commercial use only

Gurobi 8.0.0 (linux64, Python) logging started Tue May 22 14:57:24 2018

Academic license - for non-commercial use only

Gurobi 8.0.0 (linux64, Python) logging started Tue May 22 14:57:26 2018

Academic license - for non-commercial use only

Gurobi 8.0.0 (linux64, Python) logging started Tue May 22 14:59:34 2018

Academic license - for non-commercial use only

Gurobi 8.0.0 (linux64, Python) logging started Tue May 22 15:11:36 2018

Academic license - for non-commercial use only

Gurobi 8.0.0 (linux64, Python) logging started Tue May 22 15:12:22 2018

Academic license - for non-commercial use only

Gurobi 8.0.0 (linux64, Python) logging started Tue May 22 15:13:08 2018

Academic license - for non-commercial use only

Gurobi 8.0.0 (linux64, Python) logging started Tue May 22 15:19:14 2018

Academic license - for non-commercial use only

Gurobi 8.0.0 (linux64, Python) logging started Tue May 22 15:21:01 2018

Academic license - for non-commercial use only

Gurobi 8.0.0 (linux64, Python) logging started Tue May 22 15:22:11 2018

Academic license - for non-commercial use only

Gurobi 8.0.0 (linux64, Python) logging started Tue May 22 15:24:48 2018

Academic license - for non-commercial use only

Gurobi 8.0.0 (linux64, Python) logging started Tue May 22 15:28:46 2018

Academic license - for non-commercial use only

Gurobi 8.0.0 (linux64, Python) logging started Tue May 22 15:29:25 2018

Academic license - for non-commercial use only

Gurobi 8.0.0 (linux64, Python) logging started Tue May 22 15:37:28 2018

Academic license - for non-commercial use only

Gurobi 8.0.0 (linux64, Python) logging started Tue May 22 15:37:39 2018

Academic license - for non-commercial use only

Gurobi 8.0.0 (linux64, Python) logging started Tue May 22 15:38:00 2018

Academic license - for non-commercial use only

Gurobi 8.0.0 (linux64, Python) logging started Tue May 22 15:42:33 2018

Academic license - for non-commercial use only

Gurobi 8.0.0 (linux64, Python) logging started Tue May 22 15:42:35 2018

Academic license - for non-commercial use only

Gurobi 8.0.0 (linux64, Python) logging started Tue May 22 15:42:58 2018

Academic license - for non-commercial use only

Gurobi 8.0.0 (linux64, Python) logging started Tue May 22 15:43:07 2018

Academic license - for non-commercial use only
Freed default Gurobi environment

Gurobi 8.0.0 (linux64, Python) logging started Tue May 22 15:43:23 2018

Academic license - for non-commercial use only

Gurobi 8.0.0 (linux64, Python) logging started Tue May 22 15:44:00 2018

Academic license - for non-commercial use only

Gurobi 8.0.0 (linux64, Python) logging started Tue May 22 15:46:07 2018

Academic license - for non-commercial use only

Gurobi 8.0.0 (linux64, Python) logging started Tue May 22 15:46:17 2018

Academic license - for non-commercial use only

Gurobi 8.0.0 (linux64, Python) logging started Tue May 22 15:46:42 2018

Academic license - for non-commercial use only
Error: it isn't a multi-objective model
Error: it isn't a multi-objective model
Error: it isn't a multi-objective model
Error: it isn't a multi-objective model
Error: it isn't a multi-objective model
No solution available
Error: it isn't a multi-objective model
No solution available
Error: it isn't a multi-objective model
Error: it isn't a multi-objective model
Error: it isn't a multi-objective model
Error: it isn't a multi-objective model
Error: it isn't a multi-objective model
No solution available
Error: it isn't a multi-objective model
No solution available

Gurobi 8.0.0 (linux64, Python) logging started Tue May 22 15:53:10 2018

Academic license - for non-commercial use only

Gurobi 8.0.0 (linux64, Python) logging started Tue May 22 15:54:47 2018

Academic license - for non-commercial use only

Gurobi 8.0.0 (linux64, Python) logging started Tue May 22 15:54:51 2018

Academic license - for non-commercial use only
Error: it isn't a multi-objective model
Error: it isn't a multi-objective model
Error: it isn't a multi-objective model
Error: it isn't a multi-objective model
Error: it isn't a multi-objective model
No solution available
Error: it isn't a multi-objective model
No solution available
Error: it isn't a multi-objective model
Error: it isn't a multi-objective model
Error: it isn't a multi-objective model
Error: it isn't a multi-objective model
Error: it isn't a multi-objective model
No solution available
Error: it isn't a multi-objective model
No solution available

Gurobi 8.0.0 (linux64, Python) logging started Tue May 22 15:55:15 2018

Academic license - for non-commercial use only
Error: it isn't a multi-objective model
Error: it isn't a multi-objective model
Error: it isn't a multi-objective model
Error: it isn't a multi-objective model
Error: it isn't a multi-objective model
No solution available
Error: it isn't a multi-objective model
No solution available

Gurobi 8.0.0 (linux64, Python) logging started Tue May 22 15:55:51 2018

Academic license - for non-commercial use only

Gurobi 8.0.0 (linux64, Python) logging started Tue May 22 16:01:11 2018

Academic license - for non-commercial use only

Gurobi 8.0.0 (linux64, Python) logging started Tue May 22 16:16:57 2018

Academic license - for non-commercial use only

Gurobi 8.0.0 (linux64, Python) logging started Tue May 22 16:17:24 2018

Academic license - for non-commercial use only
Error: it isn't a multi-objective model
Error: it isn't a multi-objective model
Error: it isn't a multi-objective model
Error: it isn't a multi-objective model
Error: it isn't a multi-objective model
No solution available
Error: it isn't a multi-objective model
No solution available

Gurobi 8.0.0 (linux64, Python) logging started Tue May 22 16:18:06 2018

Academic license - for non-commercial use only
Optimize a model with 761 rows, 400 columns and 1892 nonzeros
Coefficient statistics:
  Matrix range     [2e-01, 1e+00]
  Objective range  [1e+00, 1e+00]
  Bounds range     [0e+00, 0e+00]
  RHS range        [7e+00, 7e+03]
Presolve removed 761 rows and 400 columns
Presolve time: 0.00s
Presolve: All rows and columns removed
Iteration    Objective       Primal Inf.    Dual Inf.      Time
       0    4.5830929e+05   0.000000e+00   0.000000e+00      0s

Solved in 0 iterations and 0.00 seconds
Optimal objective  4.583092874e+05

Gurobi 8.0.0 (linux64, Python) logging started Tue May 22 16:19:26 2018

Academic license - for non-commercial use only
Optimize a model with 761 rows, 400 columns and 1892 nonzeros
Coefficient statistics:
  Matrix range     [2e-01, 1e+00]
  Objective range  [1e+00, 1e+00]
  Bounds range     [0e+00, 0e+00]
  RHS range        [7e+00, 7e+03]
Presolve removed 761 rows and 400 columns
Presolve time: 0.00s
Presolve: All rows and columns removed
Iteration    Objective       Primal Inf.    Dual Inf.      Time
       0    4.5830929e+05   0.000000e+00   0.000000e+00      0s

Solved in 0 iterations and 0.00 seconds
Optimal objective  4.583092874e+05

Gurobi 8.0.0 (linux64, Python) logging started Tue May 22 16:21:28 2018

Academic license - for non-commercial use only

Gurobi 8.0.0 (linux64, Python) logging started Tue May 22 16:21:35 2018

Academic license - for non-commercial use only
Optimize a model with 761 rows, 400 columns and 1892 nonzeros
Coefficient statistics:
  Matrix range     [2e-01, 1e+00]
  Objective range  [1e+00, 1e+00]
  Bounds range     [0e+00, 0e+00]
  RHS range        [7e+00, 7e+03]
Presolve removed 761 rows and 400 columns
Presolve time: 0.00s
Presolve: All rows and columns removed
Iteration    Objective       Primal Inf.    Dual Inf.      Time
       0    4.5830929e+05   0.000000e+00   0.000000e+00      0s

Solved in 0 iterations and 0.00 seconds
Optimal objective  4.583092874e+05

Gurobi 8.0.0 (linux64, Python) logging started Tue May 22 16:26:44 2018

Academic license - for non-commercial use only
Optimize a model with 761 rows, 400 columns and 1892 nonzeros
Coefficient statistics:
  Matrix range     [2e-01, 1e+00]
  Objective range  [1e+00, 1e+00]
  Bounds range     [0e+00, 0e+00]
  RHS range        [7e+00, 7e+03]
Presolve removed 761 rows and 400 columns
Presolve time: 0.00s
Presolve: All rows and columns removed
Iteration    Objective       Primal Inf.    Dual Inf.      Time
       0    4.5830929e+05   0.000000e+00   0.000000e+00      0s

Solved in 0 iterations and 0.00 seconds
Optimal objective  4.583092874e+05

Gurobi 8.0.0 (linux64, Python) logging started Tue May 22 16:27:03 2018

Academic license - for non-commercial use only

Gurobi 8.0.0 (linux64, Python) logging started Tue May 22 16:37:22 2018

Academic license - for non-commercial use only
Error: it isn't a multi-objective model
Error: it isn't a multi-objective model
Error: it isn't a multi-objective model
Error: it isn't a multi-objective model
Error: it isn't a multi-objective model
No solution available
Error: it isn't a multi-objective model
No solution available

Gurobi 8.0.0 (linux64, Python) logging started Tue May 22 16:37:43 2018

Academic license - for non-commercial use only
Optimize a model with 761 rows, 400 columns and 1892 nonzeros
Coefficient statistics:
  Matrix range     [2e-01, 1e+00]
  Objective range  [1e+00, 1e+00]
  Bounds range     [0e+00, 0e+00]
  RHS range        [7e+00, 7e+03]
Presolve removed 761 rows and 400 columns
Presolve time: 0.00s
Presolve: All rows and columns removed
Iteration    Objective       Primal Inf.    Dual Inf.      Time
       0    0.0000000e+00   0.000000e+00   0.000000e+00      0s

Solved in 0 iterations and 0.00 seconds
Optimal objective  0.000000000e+00

Gurobi 8.0.0 (linux64, Python) logging started Tue May 22 16:38:06 2018

Academic license - for non-commercial use only

Gurobi 8.0.0 (linux64, Python) logging started Tue May 22 16:40:15 2018

Academic license - for non-commercial use only
Optimize a model with 761 rows, 400 columns and 1892 nonzeros
Coefficient statistics:
  Matrix range     [2e-01, 1e+00]
  Objective range  [1e+00, 1e+00]
  Bounds range     [0e+00, 0e+00]
  RHS range        [7e+00, 7e+03]
Presolve removed 761 rows and 400 columns
Presolve time: 0.00s
Presolve: All rows and columns removed
Iteration    Objective       Primal Inf.    Dual Inf.      Time
       0    0.0000000e+00   0.000000e+00   0.000000e+00      0s

Solved in 0 iterations and 0.00 seconds
Optimal objective  0.000000000e+00

Gurobi 8.0.0 (linux64, Python) logging started Tue May 22 16:42:45 2018

Academic license - for non-commercial use only

Gurobi 8.0.0 (linux64, Python) logging started Tue May 22 16:46:59 2018

Academic license - for non-commercial use only

Gurobi 8.0.0 (linux64, Python) logging started Tue May 22 16:51:41 2018

Academic license - for non-commercial use only

Gurobi 8.0.0 (linux64, Python) logging started Tue May 22 16:54:21 2018

Academic license - for non-commercial use only

Gurobi 8.0.0 (linux64, Python) logging started Tue May 22 16:56:32 2018

Academic license - for non-commercial use only
Optimize a model with 761 rows, 400 columns and 1892 nonzeros
Coefficient statistics:
  Matrix range     [2e-01, 1e+00]
  Objective range  [1e+00, 1e+00]
  Bounds range     [0e+00, 0e+00]
  RHS range        [7e+00, 7e+03]
Presolve removed 761 rows and 400 columns
Presolve time: 0.00s
Presolve: All rows and columns removed
Iteration    Objective       Primal Inf.    Dual Inf.      Time
       0    0.0000000e+00   0.000000e+00   0.000000e+00      0s

Solved in 0 iterations and 0.00 seconds
Optimal objective  0.000000000e+00

Gurobi 8.0.0 (linux64, Python) logging started Tue May 22 16:58:51 2018

Academic license - for non-commercial use only
Optimize a model with 761 rows, 400 columns and 1892 nonzeros
Coefficient statistics:
  Matrix range     [2e-01, 1e+00]
  Objective range  [1e+00, 1e+00]
  Bounds range     [0e+00, 0e+00]
  RHS range        [7e+00, 7e+03]
Presolve removed 761 rows and 400 columns
Presolve time: 0.00s
Presolve: All rows and columns removed
Iteration    Objective       Primal Inf.    Dual Inf.      Time
       0    0.0000000e+00   0.000000e+00   0.000000e+00      0s

Solved in 0 iterations and 0.00 seconds
Optimal objective  0.000000000e+00

Gurobi 8.0.0 (linux64, Python) logging started Tue May 22 16:59:28 2018

Academic license - for non-commercial use only
Optimize a model with 800 rows, 400 columns and 1970 nonzeros
Coefficient statistics:
  Matrix range     [2e-01, 1e+00]
  Objective range  [1e+00, 1e+00]
  Bounds range     [0e+00, 0e+00]
  RHS range        [7e+00, 7e+03]
Presolve removed 800 rows and 400 columns
Presolve time: 0.00s
Presolve: All rows and columns removed
Iteration    Objective       Primal Inf.    Dual Inf.      Time
       0    0.0000000e+00   0.000000e+00   0.000000e+00      0s

Solved in 0 iterations and 0.00 seconds
Optimal objective  0.000000000e+00

Gurobi 8.0.0 (linux64, Python) logging started Tue May 22 17:08:04 2018

Academic license - for non-commercial use only
Error: it isn't a multi-objective model
Error: it isn't a multi-objective model
Error: it isn't a multi-objective model
Error: it isn't a multi-objective model
Error: it isn't a multi-objective model
No solution available
Error: it isn't a multi-objective model
No solution available
Error: it isn't a multi-objective model
Error: it isn't a multi-objective model
Error: it isn't a multi-objective model
Error: it isn't a multi-objective model
Error: it isn't a multi-objective model
No solution available
Error: it isn't a multi-objective model
No solution available

Gurobi 8.0.0 (linux64, Python) logging started Tue May 22 17:08:23 2018

Academic license - for non-commercial use only
Error: it isn't a multi-objective model
Error: it isn't a multi-objective model
Error: it isn't a multi-objective model
Error: it isn't a multi-objective model
Error: it isn't a multi-objective model
No solution available
Error: it isn't a multi-objective model
No solution available

Gurobi 8.0.0 (linux64, Python) logging started Tue May 22 17:13:58 2018

Academic license - for non-commercial use only

Gurobi 8.0.0 (linux64, Python) logging started Tue May 22 17:16:49 2018

Academic license - for non-commercial use only
Optimize a model with 800 rows, 400 columns and 1970 nonzeros
Coefficient statistics:
  Matrix range     [2e-01, 1e+00]
  Objective range  [1e+00, 1e+00]
  Bounds range     [0e+00, 0e+00]
  RHS range        [7e+00, 7e+03]
Presolve removed 800 rows and 400 columns
Presolve time: 0.00s
Presolve: All rows and columns removed
Iteration    Objective       Primal Inf.    Dual Inf.      Time
       0    0.0000000e+00   0.000000e+00   0.000000e+00      0s

Solved in 0 iterations and 0.00 seconds
Optimal objective  0.000000000e+00

Gurobi 8.0.0 (linux64, Python) logging started Tue May 22 17:17:03 2018

Academic license - for non-commercial use only
Optimize a model with 800 rows, 400 columns and 1970 nonzeros
Coefficient statistics:
  Matrix range     [2e-01, 1e+00]
  Objective range  [1e+00, 1e+00]
  Bounds range     [0e+00, 0e+00]
  RHS range        [7e+00, 7e+03]
Presolve removed 800 rows and 400 columns
Presolve time: 0.00s
Presolve: All rows and columns removed
Iteration    Objective       Primal Inf.    Dual Inf.      Time
       0    0.0000000e+00   0.000000e+00   0.000000e+00      0s

Solved in 0 iterations and 0.00 seconds
Optimal objective  0.000000000e+00

Gurobi 8.0.0 (linux64, Python) logging started Tue May 22 17:22:14 2018

Academic license - for non-commercial use only
Optimize a model with 800 rows, 400 columns and 1970 nonzeros
Coefficient statistics:
  Matrix range     [2e-01, 1e+00]
  Objective range  [1e+00, 1e+00]
  Bounds range     [0e+00, 0e+00]
  RHS range        [7e+00, 7e+03]
Presolve removed 800 rows and 400 columns
Presolve time: 0.01s
Presolve: All rows and columns removed
Iteration    Objective       Primal Inf.    Dual Inf.      Time
       0   -6.9065583e+04   0.000000e+00   0.000000e+00      0s

Solved in 0 iterations and 0.01 seconds
Optimal objective -6.906558261e+04

Gurobi 8.0.0 (linux64, Python) logging started Tue May 22 17:23:08 2018

Academic license - for non-commercial use only
Optimize a model with 800 rows, 400 columns and 1970 nonzeros
Coefficient statistics:
  Matrix range     [2e-01, 1e+00]
  Objective range  [1e+00, 1e+00]
  Bounds range     [0e+00, 0e+00]
  RHS range        [7e+00, 7e+03]
Presolve removed 800 rows and 400 columns
Presolve time: 0.00s
Presolve: All rows and columns removed
Iteration    Objective       Primal Inf.    Dual Inf.      Time
       0   -6.9065583e+04   0.000000e+00   0.000000e+00      0s

Solved in 0 iterations and 0.00 seconds
Optimal objective -6.906558261e+04

Gurobi 8.0.0 (linux64, Python) logging started Tue May 22 17:24:12 2018

Academic license - for non-commercial use only
Optimize a model with 800 rows, 400 columns and 1970 nonzeros
Coefficient statistics:
  Matrix range     [2e-01, 1e+00]
  Objective range  [1e+00, 1e+00]
  Bounds range     [0e+00, 0e+00]
  RHS range        [7e+00, 7e+03]
Presolve removed 800 rows and 400 columns
Presolve time: 0.00s
Presolve: All rows and columns removed
Iteration    Objective       Primal Inf.    Dual Inf.      Time
       0   -6.9065583e+04   0.000000e+00   0.000000e+00      0s

Solved in 0 iterations and 0.00 seconds
Optimal objective -6.906558261e+04

Gurobi 8.0.0 (linux64, Python) logging started Tue May 22 17:25:31 2018

Academic license - for non-commercial use only
Optimize a model with 800 rows, 400 columns and 1970 nonzeros
Coefficient statistics:
  Matrix range     [2e-01, 1e+00]
  Objective range  [1e+00, 1e+00]
  Bounds range     [0e+00, 0e+00]
  RHS range        [7e+00, 7e+03]
Presolve removed 800 rows and 400 columns
Presolve time: 0.00s
Presolve: All rows and columns removed
Iteration    Objective       Primal Inf.    Dual Inf.      Time
       0   -6.9065583e+04   0.000000e+00   0.000000e+00      0s

Solved in 0 iterations and 0.00 seconds
Optimal objective -6.906558261e+04

Gurobi 8.0.0 (linux64, Python) logging started Tue May 22 17:26:38 2018

Academic license - for non-commercial use only
Optimize a model with 800 rows, 400 columns and 1970 nonzeros
Coefficient statistics:
  Matrix range     [2e-01, 1e+00]
  Objective range  [1e+00, 1e+00]
  Bounds range     [0e+00, 0e+00]
  RHS range        [7e+00, 7e+03]
Presolve removed 800 rows and 400 columns
Presolve time: 0.00s
Presolve: All rows and columns removed
Iteration    Objective       Primal Inf.    Dual Inf.      Time
       0   -6.9065583e+04   0.000000e+00   0.000000e+00      0s

Solved in 0 iterations and 0.00 seconds
Optimal objective -6.906558261e+04

Gurobi 8.0.0 (linux64, Python) logging started Wed May 23 10:12:47 2018

Academic license - for non-commercial use only
Optimize a model with 800 rows, 400 columns and 1970 nonzeros
Coefficient statistics:
  Matrix range     [2e-01, 1e+00]
  Objective range  [1e+00, 1e+00]
  Bounds range     [0e+00, 0e+00]
  RHS range        [7e+00, 7e+03]
Presolve removed 800 rows and 400 columns
Presolve time: 0.03s
Presolve: All rows and columns removed
Iteration    Objective       Primal Inf.    Dual Inf.      Time
       0   -6.9065583e+04   0.000000e+00   0.000000e+00      0s

Solved in 0 iterations and 0.04 seconds
Optimal objective -6.906558261e+04

Gurobi 8.0.0 (linux64, Python) logging started Wed May 23 10:14:13 2018

Academic license - for non-commercial use only
Optimize a model with 800 rows, 400 columns and 1970 nonzeros
Coefficient statistics:
  Matrix range     [2e-01, 1e+00]
  Objective range  [1e+00, 1e+00]
  Bounds range     [0e+00, 0e+00]
  RHS range        [7e+00, 7e+03]
Presolve removed 800 rows and 400 columns
Presolve time: 0.00s
Presolve: All rows and columns removed
Iteration    Objective       Primal Inf.    Dual Inf.      Time
       0   -6.9065583e+04   0.000000e+00   0.000000e+00      0s

Solved in 0 iterations and 0.00 seconds
Optimal objective -6.906558261e+04

Gurobi 8.0.0 (linux64, Python) logging started Wed May 23 10:29:11 2018

Academic license - for non-commercial use only
Optimize a model with 800 rows, 400 columns and 1970 nonzeros
Coefficient statistics:
  Matrix range     [2e-01, 1e+00]
  Objective range  [1e+00, 1e+00]
  Bounds range     [0e+00, 0e+00]
  RHS range        [7e+00, 7e+03]
Presolve removed 800 rows and 400 columns
Presolve time: 0.01s
Presolve: All rows and columns removed
Iteration    Objective       Primal Inf.    Dual Inf.      Time
       0   -6.9065583e+04   0.000000e+00   0.000000e+00      0s

Solved in 0 iterations and 0.01 seconds
Optimal objective -6.906558261e+04

Gurobi 8.0.0 (linux64, Python) logging started Wed May 23 10:34:01 2018

Academic license - for non-commercial use only
Optimize a model with 800 rows, 400 columns and 1970 nonzeros
Coefficient statistics:
  Matrix range     [2e-01, 1e+00]
  Objective range  [1e+00, 1e+00]
  Bounds range     [0e+00, 0e+00]
  RHS range        [7e+00, 7e+03]
Presolve removed 800 rows and 400 columns
Presolve time: 0.00s
Presolve: All rows and columns removed
Iteration    Objective       Primal Inf.    Dual Inf.      Time
       0   -6.9065583e+04   0.000000e+00   0.000000e+00      0s

Solved in 0 iterations and 0.00 seconds
Optimal objective -6.906558261e+04

Gurobi 8.0.0 (linux64, Python) logging started Wed May 23 10:34:09 2018

Academic license - for non-commercial use only
Optimize a model with 800 rows, 400 columns and 1970 nonzeros
Coefficient statistics:
  Matrix range     [2e-01, 1e+00]
  Objective range  [1e+00, 1e+00]
  Bounds range     [0e+00, 0e+00]
  RHS range        [7e+00, 7e+03]
Presolve removed 800 rows and 400 columns
Presolve time: 0.00s
Presolve: All rows and columns removed
Iteration    Objective       Primal Inf.    Dual Inf.      Time
       0   -6.9065583e+04   0.000000e+00   0.000000e+00      0s

Solved in 0 iterations and 0.00 seconds
Optimal objective -6.906558261e+04

Gurobi 8.0.0 (linux64, Python) logging started Wed May 23 10:36:21 2018

Academic license - for non-commercial use only
Optimize a model with 800 rows, 400 columns and 1970 nonzeros
Coefficient statistics:
  Matrix range     [2e-01, 1e+00]
  Objective range  [1e+00, 1e+00]
  Bounds range     [0e+00, 0e+00]
  RHS range        [7e+00, 7e+03]
Presolve removed 800 rows and 400 columns
Presolve time: 0.00s
Presolve: All rows and columns removed
Iteration    Objective       Primal Inf.    Dual Inf.      Time
       0   -6.9065583e+04   0.000000e+00   0.000000e+00      0s

Solved in 0 iterations and 0.00 seconds
Optimal objective -6.906558261e+04

Gurobi 8.0.0 (linux64, Python) logging started Wed May 23 10:36:23 2018

Academic license - for non-commercial use only
Optimize a model with 800 rows, 400 columns and 1970 nonzeros
Coefficient statistics:
  Matrix range     [2e-01, 1e+00]
  Objective range  [1e+00, 1e+00]
  Bounds range     [0e+00, 0e+00]
  RHS range        [7e+00, 7e+03]
Presolve removed 800 rows and 400 columns
Presolve time: 0.00s
Presolve: All rows and columns removed
Iteration    Objective       Primal Inf.    Dual Inf.      Time
       0   -6.9065583e+04   0.000000e+00   0.000000e+00      0s

Solved in 0 iterations and 0.00 seconds
Optimal objective -6.906558261e+04

Gurobi 8.0.0 (linux64, Python) logging started Wed May 23 10:42:45 2018

Academic license - for non-commercial use only
Optimize a model with 800 rows, 400 columns and 1970 nonzeros
Coefficient statistics:
  Matrix range     [2e-01, 1e+00]
  Objective range  [1e+00, 1e+00]
  Bounds range     [0e+00, 0e+00]
  RHS range        [7e+00, 7e+03]
Presolve removed 800 rows and 400 columns
Presolve time: 0.00s
Presolve: All rows and columns removed
Iteration    Objective       Primal Inf.    Dual Inf.      Time
       0   -6.9065583e+04   0.000000e+00   0.000000e+00      0s

Solved in 0 iterations and 0.00 seconds
Optimal objective -6.906558261e+04

Gurobi 8.0.0 (linux64, Python) logging started Wed May 23 10:45:11 2018

Academic license - for non-commercial use only
Optimize a model with 800 rows, 400 columns and 1970 nonzeros
Coefficient statistics:
  Matrix range     [2e-01, 1e+00]
  Objective range  [1e+00, 1e+00]
  Bounds range     [0e+00, 0e+00]
  RHS range        [7e+00, 7e+03]
Presolve removed 800 rows and 400 columns
Presolve time: 0.00s
Presolve: All rows and columns removed
Iteration    Objective       Primal Inf.    Dual Inf.      Time
       0   -6.9065583e+04   0.000000e+00   0.000000e+00      0s

Solved in 0 iterations and 0.00 seconds
Optimal objective -6.906558261e+04

Gurobi 8.0.0 (linux64, Python) logging started Wed May 23 11:03:13 2018

Academic license - for non-commercial use only
Optimize a model with 800 rows, 400 columns and 1970 nonzeros
Coefficient statistics:
  Matrix range     [2e-01, 1e+00]
  Objective range  [1e+00, 1e+00]
  Bounds range     [0e+00, 0e+00]
  RHS range        [7e+00, 7e+03]
Presolve removed 800 rows and 400 columns
Presolve time: 0.00s
Presolve: All rows and columns removed
Iteration    Objective       Primal Inf.    Dual Inf.      Time
       0   -6.9065583e+04   0.000000e+00   0.000000e+00      0s

Solved in 0 iterations and 0.00 seconds
Optimal objective -6.906558261e+04

Gurobi 8.0.0 (linux64, Python) logging started Wed May 23 11:05:06 2018

Academic license - for non-commercial use only
Optimize a model with 800 rows, 400 columns and 1970 nonzeros
Coefficient statistics:
  Matrix range     [2e-01, 1e+00]
  Objective range  [1e+00, 1e+00]
  Bounds range     [0e+00, 0e+00]
  RHS range        [7e+00, 7e+03]
Presolve removed 800 rows and 400 columns
Presolve time: 0.00s
Presolve: All rows and columns removed
Iteration    Objective       Primal Inf.    Dual Inf.      Time
       0   -6.9065583e+04   0.000000e+00   0.000000e+00      0s

Solved in 0 iterations and 0.00 seconds
Optimal objective -6.906558261e+04

Gurobi 8.0.0 (linux64, Python) logging started Wed May 23 11:05:12 2018

Academic license - for non-commercial use only
Optimize a model with 800 rows, 400 columns and 1970 nonzeros
Coefficient statistics:
  Matrix range     [2e-01, 1e+00]
  Objective range  [1e+00, 1e+00]
  Bounds range     [0e+00, 0e+00]
  RHS range        [7e+00, 7e+03]
Presolve removed 800 rows and 400 columns
Presolve time: 0.00s
Presolve: All rows and columns removed
Iteration    Objective       Primal Inf.    Dual Inf.      Time
       0   -6.9065583e+04   0.000000e+00   0.000000e+00      0s

Solved in 0 iterations and 0.00 seconds
Optimal objective -6.906558261e+04

Gurobi 8.0.0 (linux64, Python) logging started Wed May 23 11:07:22 2018

Academic license - for non-commercial use only
Optimize a model with 800 rows, 400 columns and 1970 nonzeros
Coefficient statistics:
  Matrix range     [2e-01, 1e+00]
  Objective range  [1e+00, 1e+00]
  Bounds range     [0e+00, 0e+00]
  RHS range        [7e+00, 7e+03]
Presolve removed 800 rows and 400 columns
Presolve time: 0.00s
Presolve: All rows and columns removed
Iteration    Objective       Primal Inf.    Dual Inf.      Time
       0   -6.9065583e+04   0.000000e+00   0.000000e+00      0s

Solved in 0 iterations and 0.00 seconds
Optimal objective -6.906558261e+04

Gurobi 8.0.0 (linux64, Python) logging started Wed May 23 11:08:24 2018

Academic license - for non-commercial use only
Optimize a model with 800 rows, 400 columns and 1970 nonzeros
Coefficient statistics:
  Matrix range     [2e-01, 1e+00]
  Objective range  [1e+00, 1e+00]
  Bounds range     [0e+00, 0e+00]
  RHS range        [7e+00, 7e+03]
Presolve removed 800 rows and 400 columns
Presolve time: 0.00s
Presolve: All rows and columns removed
Iteration    Objective       Primal Inf.    Dual Inf.      Time
       0   -6.9065583e+04   0.000000e+00   0.000000e+00      0s

Solved in 0 iterations and 0.00 seconds
Optimal objective -6.906558261e+04

Gurobi 8.0.0 (linux64, Python) logging started Wed May 23 11:10:56 2018

Academic license - for non-commercial use only
Optimize a model with 800 rows, 400 columns and 1970 nonzeros
Coefficient statistics:
  Matrix range     [2e-01, 1e+00]
  Objective range  [1e+00, 1e+00]
  Bounds range     [0e+00, 0e+00]
  RHS range        [7e+00, 7e+03]
Presolve removed 800 rows and 400 columns
Presolve time: 0.00s
Presolve: All rows and columns removed
Iteration    Objective       Primal Inf.    Dual Inf.      Time
       0   -6.9065583e+04   0.000000e+00   0.000000e+00      0s

Solved in 0 iterations and 0.00 seconds
Optimal objective -6.906558261e+04

Gurobi 8.0.0 (linux64, Python) logging started Wed May 23 11:11:02 2018

Academic license - for non-commercial use only
Optimize a model with 800 rows, 400 columns and 1970 nonzeros
Coefficient statistics:
  Matrix range     [2e-01, 1e+00]
  Objective range  [1e+00, 1e+00]
  Bounds range     [0e+00, 0e+00]
  RHS range        [7e+00, 7e+03]
Presolve removed 800 rows and 400 columns
Presolve time: 0.00s
Presolve: All rows and columns removed
Iteration    Objective       Primal Inf.    Dual Inf.      Time
       0   -6.9065583e+04   0.000000e+00   0.000000e+00      0s

Solved in 0 iterations and 0.00 seconds
Optimal objective -6.906558261e+04

Gurobi 8.0.0 (linux64, Python) logging started Wed May 23 11:12:25 2018

Academic license - for non-commercial use only
Optimize a model with 800 rows, 400 columns and 1970 nonzeros
Coefficient statistics:
  Matrix range     [2e-01, 1e+00]
  Objective range  [1e+00, 1e+00]
  Bounds range     [0e+00, 0e+00]
  RHS range        [7e+00, 7e+03]
Presolve removed 800 rows and 400 columns
Presolve time: 0.00s
Presolve: All rows and columns removed
Iteration    Objective       Primal Inf.    Dual Inf.      Time
       0   -6.9065583e+04   0.000000e+00   0.000000e+00      0s

Solved in 0 iterations and 0.00 seconds
Optimal objective -6.906558261e+04

Gurobi 8.0.0 (linux64, Python) logging started Wed May 23 11:12:30 2018

Academic license - for non-commercial use only
Optimize a model with 800 rows, 400 columns and 1970 nonzeros
Coefficient statistics:
  Matrix range     [2e-01, 1e+00]
  Objective range  [1e+00, 1e+00]
  Bounds range     [0e+00, 0e+00]
  RHS range        [7e+00, 7e+03]
Presolve removed 800 rows and 400 columns
Presolve time: 0.00s
Presolve: All rows and columns removed
Iteration    Objective       Primal Inf.    Dual Inf.      Time
       0   -6.9065583e+04   0.000000e+00   0.000000e+00      0s

Solved in 0 iterations and 0.00 seconds
Optimal objective -6.906558261e+04

Gurobi 8.0.0 (linux64, Python) logging started Wed May 23 11:12:33 2018

Academic license - for non-commercial use only
Optimize a model with 800 rows, 400 columns and 1970 nonzeros
Coefficient statistics:
  Matrix range     [2e-01, 1e+00]
  Objective range  [1e+00, 1e+00]
  Bounds range     [0e+00, 0e+00]
  RHS range        [7e+00, 7e+03]
Presolve removed 800 rows and 400 columns
Presolve time: 0.00s
Presolve: All rows and columns removed
Iteration    Objective       Primal Inf.    Dual Inf.      Time
       0   -6.9065583e+04   0.000000e+00   0.000000e+00      0s

Solved in 0 iterations and 0.00 seconds
Optimal objective -6.906558261e+04

Gurobi 8.0.0 (linux64, Python) logging started Wed May 23 11:13:15 2018

Academic license - for non-commercial use only
Optimize a model with 800 rows, 400 columns and 1970 nonzeros
Coefficient statistics:
  Matrix range     [2e-01, 1e+00]
  Objective range  [1e+00, 1e+00]
  Bounds range     [0e+00, 0e+00]
  RHS range        [7e+00, 7e+03]
Presolve removed 800 rows and 400 columns
Presolve time: 0.00s
Presolve: All rows and columns removed
Iteration    Objective       Primal Inf.    Dual Inf.      Time
       0   -6.9065583e+04   0.000000e+00   0.000000e+00      0s

Solved in 0 iterations and 0.00 seconds
Optimal objective -6.906558261e+04

Gurobi 8.0.0 (linux64, Python) logging started Wed May 23 11:14:59 2018

Academic license - for non-commercial use only
Optimize a model with 800 rows, 400 columns and 1970 nonzeros
Coefficient statistics:
  Matrix range     [2e-01, 1e+00]
  Objective range  [1e+00, 1e+00]
  Bounds range     [0e+00, 0e+00]
  RHS range        [7e+00, 7e+03]
Presolve removed 800 rows and 400 columns
Presolve time: 0.00s
Presolve: All rows and columns removed
Iteration    Objective       Primal Inf.    Dual Inf.      Time
       0   -6.9065583e+04   0.000000e+00   0.000000e+00      0s

Solved in 0 iterations and 0.00 seconds
Optimal objective -6.906558261e+04

Gurobi 8.0.0 (linux64, Python) logging started Wed May 23 11:23:22 2018

Academic license - for non-commercial use only
Optimize a model with 800 rows, 400 columns and 1970 nonzeros
Coefficient statistics:
  Matrix range     [2e-01, 1e+00]
  Objective range  [1e+00, 1e+00]
  Bounds range     [0e+00, 0e+00]
  RHS range        [7e+00, 7e+03]
Presolve removed 800 rows and 400 columns
Presolve time: 0.03s
Presolve: All rows and columns removed
Iteration    Objective       Primal Inf.    Dual Inf.      Time
       0   -6.9065583e+04   0.000000e+00   0.000000e+00      0s

Solved in 0 iterations and 0.04 seconds
Optimal objective -6.906558261e+04

Gurobi 8.0.0 (linux64, Python) logging started Wed May 23 11:23:29 2018

Academic license - for non-commercial use only
Optimize a model with 800 rows, 400 columns and 1970 nonzeros
Coefficient statistics:
  Matrix range     [2e-01, 1e+00]
  Objective range  [1e+00, 1e+00]
  Bounds range     [0e+00, 0e+00]
  RHS range        [7e+00, 7e+03]
Presolve removed 800 rows and 400 columns
Presolve time: 0.00s
Presolve: All rows and columns removed
Iteration    Objective       Primal Inf.    Dual Inf.      Time
       0   -6.9065583e+04   0.000000e+00   0.000000e+00      0s

Solved in 0 iterations and 0.00 seconds
Optimal objective -6.906558261e+04

Gurobi 8.0.0 (linux64, Python) logging started Wed May 23 11:26:16 2018

Academic license - for non-commercial use only
Optimize a model with 800 rows, 400 columns and 1970 nonzeros
Coefficient statistics:
  Matrix range     [2e-01, 1e+00]
  Objective range  [1e+00, 1e+00]
  Bounds range     [0e+00, 0e+00]
  RHS range        [7e+00, 7e+03]
Presolve removed 800 rows and 400 columns
Presolve time: 0.00s
Presolve: All rows and columns removed
Iteration    Objective       Primal Inf.    Dual Inf.      Time
       0   -6.9065583e+04   0.000000e+00   0.000000e+00      0s

Solved in 0 iterations and 0.00 seconds
Optimal objective -6.906558261e+04

Gurobi 8.0.0 (linux64, Python) logging started Wed May 23 11:28:50 2018

Academic license - for non-commercial use only
Optimize a model with 800 rows, 400 columns and 1970 nonzeros
Coefficient statistics:
  Matrix range     [2e-01, 1e+00]
  Objective range  [1e+00, 1e+00]
  Bounds range     [0e+00, 0e+00]
  RHS range        [7e+00, 7e+03]
Presolve removed 800 rows and 400 columns
Presolve time: 0.00s
Presolve: All rows and columns removed
Iteration    Objective       Primal Inf.    Dual Inf.      Time
       0   -6.9065583e+04   0.000000e+00   0.000000e+00      0s

Solved in 0 iterations and 0.00 seconds
Optimal objective -6.906558261e+04

Gurobi 8.0.0 (linux64, Python) logging started Wed May 23 11:29:32 2018

Academic license - for non-commercial use only
Optimize a model with 800 rows, 400 columns and 1970 nonzeros
Coefficient statistics:
  Matrix range     [2e-01, 1e+00]
  Objective range  [1e+00, 1e+00]
  Bounds range     [0e+00, 0e+00]
  RHS range        [7e+00, 7e+03]
Presolve removed 800 rows and 400 columns
Presolve time: 0.00s
Presolve: All rows and columns removed
Iteration    Objective       Primal Inf.    Dual Inf.      Time
       0   -6.9065583e+04   0.000000e+00   0.000000e+00      0s

Solved in 0 iterations and 0.00 seconds
Optimal objective -6.906558261e+04

Gurobi 8.0.0 (linux64, Python) logging started Wed May 23 11:29:42 2018

Academic license - for non-commercial use only
Optimize a model with 800 rows, 400 columns and 1970 nonzeros
Coefficient statistics:
  Matrix range     [2e-01, 1e+00]
  Objective range  [1e+00, 1e+00]
  Bounds range     [0e+00, 0e+00]
  RHS range        [7e+00, 7e+03]
Presolve removed 800 rows and 400 columns
Presolve time: 0.00s
Presolve: All rows and columns removed
Iteration    Objective       Primal Inf.    Dual Inf.      Time
       0   -6.9065583e+04   0.000000e+00   0.000000e+00      0s

Solved in 0 iterations and 0.00 seconds
Optimal objective -6.906558261e+04

Gurobi 8.0.0 (linux64, Python) logging started Wed May 23 11:31:20 2018

Academic license - for non-commercial use only
Optimize a model with 800 rows, 400 columns and 1970 nonzeros
Coefficient statistics:
  Matrix range     [2e-01, 1e+00]
  Objective range  [1e+00, 1e+00]
  Bounds range     [0e+00, 0e+00]
  RHS range        [7e+00, 7e+03]
Presolve removed 800 rows and 400 columns
Presolve time: 0.00s
Presolve: All rows and columns removed
Iteration    Objective       Primal Inf.    Dual Inf.      Time
       0   -6.9065583e+04   0.000000e+00   0.000000e+00      0s

Solved in 0 iterations and 0.00 seconds
Optimal objective -6.906558261e+04

Gurobi 8.0.0 (linux64, Python) logging started Wed May 23 11:31:23 2018

Academic license - for non-commercial use only
Optimize a model with 800 rows, 400 columns and 1970 nonzeros
Coefficient statistics:
  Matrix range     [2e-01, 1e+00]
  Objective range  [1e+00, 1e+00]
  Bounds range     [0e+00, 0e+00]
  RHS range        [7e+00, 7e+03]
Presolve removed 800 rows and 400 columns
Presolve time: 0.00s
Presolve: All rows and columns removed
Iteration    Objective       Primal Inf.    Dual Inf.      Time
       0   -6.9065583e+04   0.000000e+00   0.000000e+00      0s

Solved in 0 iterations and 0.00 seconds
Optimal objective -6.906558261e+04

Gurobi 8.0.0 (linux64, Python) logging started Wed May 23 11:31:27 2018

Academic license - for non-commercial use only
Optimize a model with 800 rows, 400 columns and 1970 nonzeros
Coefficient statistics:
  Matrix range     [2e-01, 1e+00]
  Objective range  [1e+00, 1e+00]
  Bounds range     [0e+00, 0e+00]
  RHS range        [7e+00, 7e+03]
Presolve removed 800 rows and 400 columns
Presolve time: 0.00s
Presolve: All rows and columns removed
Iteration    Objective       Primal Inf.    Dual Inf.      Time
       0   -6.9065583e+04   0.000000e+00   0.000000e+00      0s

Solved in 0 iterations and 0.00 seconds
Optimal objective -6.906558261e+04

Gurobi 8.0.0 (linux64, Python) logging started Wed May 23 11:32:05 2018

Academic license - for non-commercial use only
Optimize a model with 800 rows, 400 columns and 1970 nonzeros
Coefficient statistics:
  Matrix range     [2e-01, 1e+00]
  Objective range  [1e+00, 1e+00]
  Bounds range     [0e+00, 0e+00]
  RHS range        [7e+00, 7e+03]
Presolve removed 800 rows and 400 columns
Presolve time: 0.00s
Presolve: All rows and columns removed
Iteration    Objective       Primal Inf.    Dual Inf.      Time
       0   -6.9065583e+04   0.000000e+00   0.000000e+00      0s

Solved in 0 iterations and 0.00 seconds
Optimal objective -6.906558261e+04

Gurobi 8.0.0 (linux64, Python) logging started Wed May 23 11:32:51 2018

Academic license - for non-commercial use only
Optimize a model with 800 rows, 400 columns and 1970 nonzeros
Coefficient statistics:
  Matrix range     [2e-01, 1e+00]
  Objective range  [1e+00, 1e+00]
  Bounds range     [0e+00, 0e+00]
  RHS range        [7e+00, 7e+03]
Presolve removed 800 rows and 400 columns
Presolve time: 0.00s
Presolve: All rows and columns removed
Iteration    Objective       Primal Inf.    Dual Inf.      Time
       0   -6.9065583e+04   0.000000e+00   0.000000e+00      0s

Solved in 0 iterations and 0.00 seconds
Optimal objective -6.906558261e+04

Gurobi 8.0.0 (linux64, Python) logging started Wed May 23 11:34:03 2018

Academic license - for non-commercial use only
Optimize a model with 800 rows, 400 columns and 1970 nonzeros
Coefficient statistics:
  Matrix range     [2e-01, 1e+00]
  Objective range  [1e+00, 1e+00]
  Bounds range     [0e+00, 0e+00]
  RHS range        [7e+00, 7e+03]
Presolve removed 800 rows and 400 columns
Presolve time: 0.00s
Presolve: All rows and columns removed
Iteration    Objective       Primal Inf.    Dual Inf.      Time
       0   -6.9065583e+04   0.000000e+00   0.000000e+00      0s

Solved in 0 iterations and 0.00 seconds
Optimal objective -6.906558261e+04

Gurobi 8.0.0 (linux64, Python) logging started Wed May 23 11:34:37 2018

Academic license - for non-commercial use only
Optimize a model with 800 rows, 400 columns and 1970 nonzeros
Coefficient statistics:
  Matrix range     [2e-01, 1e+00]
  Objective range  [1e+00, 1e+00]
  Bounds range     [0e+00, 0e+00]
  RHS range        [7e+00, 7e+03]
Presolve removed 800 rows and 400 columns
Presolve time: 0.00s
Presolve: All rows and columns removed
Iteration    Objective       Primal Inf.    Dual Inf.      Time
       0   -6.9065583e+04   0.000000e+00   0.000000e+00      0s

Solved in 0 iterations and 0.00 seconds
Optimal objective -6.906558261e+04

Gurobi 8.0.0 (linux64, Python) logging started Wed May 23 11:34:43 2018

Academic license - for non-commercial use only
Optimize a model with 800 rows, 400 columns and 1970 nonzeros
Coefficient statistics:
  Matrix range     [2e-01, 1e+00]
  Objective range  [1e+00, 1e+00]
  Bounds range     [0e+00, 0e+00]
  RHS range        [7e+00, 7e+03]
Presolve removed 800 rows and 400 columns
Presolve time: 0.00s
Presolve: All rows and columns removed
Iteration    Objective       Primal Inf.    Dual Inf.      Time
       0   -6.9065583e+04   0.000000e+00   0.000000e+00      0s

Solved in 0 iterations and 0.00 seconds
Optimal objective -6.906558261e+04

Gurobi 8.0.0 (linux64, Python) logging started Wed May 23 11:35:02 2018

Academic license - for non-commercial use only
Optimize a model with 800 rows, 400 columns and 1970 nonzeros
Coefficient statistics:
  Matrix range     [2e-01, 1e+00]
  Objective range  [1e+00, 1e+00]
  Bounds range     [0e+00, 0e+00]
  RHS range        [7e+00, 7e+03]
Presolve removed 800 rows and 400 columns
Presolve time: 0.00s
Presolve: All rows and columns removed
Iteration    Objective       Primal Inf.    Dual Inf.      Time
       0   -6.9065583e+04   0.000000e+00   0.000000e+00      0s

Solved in 0 iterations and 0.00 seconds
Optimal objective -6.906558261e+04

Gurobi 8.0.0 (linux64, Python) logging started Wed May 23 11:39:49 2018

Academic license - for non-commercial use only
Optimize a model with 800 rows, 400 columns and 1970 nonzeros
Coefficient statistics:
  Matrix range     [2e-01, 1e+00]
  Objective range  [1e+00, 1e+00]
  Bounds range     [0e+00, 0e+00]
  RHS range        [7e+00, 7e+03]
Presolve removed 800 rows and 400 columns
Presolve time: 0.00s
Presolve: All rows and columns removed
Iteration    Objective       Primal Inf.    Dual Inf.      Time
       0   -6.9065583e+04   0.000000e+00   0.000000e+00      0s

Solved in 0 iterations and 0.00 seconds
Optimal objective -6.906558261e+04

Gurobi 8.0.0 (linux64, Python) logging started Wed May 23 11:47:12 2018

Academic license - for non-commercial use only
Optimize a model with 800 rows, 400 columns and 1970 nonzeros
Coefficient statistics:
  Matrix range     [2e-01, 1e+00]
  Objective range  [1e+00, 1e+00]
  Bounds range     [0e+00, 0e+00]
  RHS range        [7e+00, 7e+03]
Presolve removed 800 rows and 400 columns
Presolve time: 0.00s
Presolve: All rows and columns removed
Iteration    Objective       Primal Inf.    Dual Inf.      Time
       0   -6.9065583e+04   0.000000e+00   0.000000e+00      0s

Solved in 0 iterations and 0.00 seconds
Optimal objective -6.906558261e+04

Gurobi 8.0.0 (linux64, Python) logging started Wed May 23 12:41:38 2018

Academic license - for non-commercial use only
Optimize a model with 800 rows, 400 columns and 1970 nonzeros
Coefficient statistics:
  Matrix range     [2e-01, 1e+00]
  Objective range  [1e+00, 1e+00]
  Bounds range     [0e+00, 0e+00]
  RHS range        [7e+00, 7e+03]
Presolve removed 800 rows and 400 columns
Presolve time: 0.00s
Presolve: All rows and columns removed
Iteration    Objective       Primal Inf.    Dual Inf.      Time
       0   -6.9065583e+04   0.000000e+00   0.000000e+00      0s

Solved in 0 iterations and 0.00 seconds
Optimal objective -6.906558261e+04

Gurobi 8.0.0 (linux64, Python) logging started Wed May 23 12:46:51 2018

Academic license - for non-commercial use only
Optimize a model with 800 rows, 400 columns and 1970 nonzeros
Coefficient statistics:
  Matrix range     [2e-01, 1e+00]
  Objective range  [1e+00, 1e+00]
  Bounds range     [0e+00, 0e+00]
  RHS range        [7e+00, 7e+03]
Presolve removed 800 rows and 400 columns
Presolve time: 0.00s
Presolve: All rows and columns removed
Iteration    Objective       Primal Inf.    Dual Inf.      Time
       0   -6.9065583e+04   0.000000e+00   0.000000e+00      0s

Solved in 0 iterations and 0.00 seconds
Optimal objective -6.906558261e+04

Gurobi 8.0.0 (linux64, Python) logging started Wed May 23 12:47:27 2018

Academic license - for non-commercial use only
Optimize a model with 800 rows, 400 columns and 1970 nonzeros
Coefficient statistics:
  Matrix range     [2e-01, 1e+00]
  Objective range  [1e+00, 1e+00]
  Bounds range     [0e+00, 0e+00]
  RHS range        [7e+00, 7e+03]
Presolve removed 800 rows and 400 columns
Presolve time: 0.00s
Presolve: All rows and columns removed
Iteration    Objective       Primal Inf.    Dual Inf.      Time
       0   -6.9065583e+04   0.000000e+00   0.000000e+00      0s

Solved in 0 iterations and 0.00 seconds
Optimal objective -6.906558261e+04

Gurobi 8.0.0 (linux64, Python) logging started Wed May 23 12:48:37 2018

Academic license - for non-commercial use only
Optimize a model with 800 rows, 400 columns and 1970 nonzeros
Coefficient statistics:
  Matrix range     [2e-01, 1e+00]
  Objective range  [1e+00, 1e+00]
  Bounds range     [0e+00, 0e+00]
  RHS range        [7e+00, 7e+03]
Presolve removed 800 rows and 400 columns
Presolve time: 0.00s
Presolve: All rows and columns removed
Iteration    Objective       Primal Inf.    Dual Inf.      Time
       0   -6.9065583e+04   0.000000e+00   0.000000e+00      0s

Solved in 0 iterations and 0.00 seconds
Optimal objective -6.906558261e+04

Gurobi 8.0.0 (linux64, Python) logging started Wed May 23 13:03:38 2018

Academic license - for non-commercial use only
Optimize a model with 800 rows, 400 columns and 1970 nonzeros
Coefficient statistics:
  Matrix range     [2e-01, 1e+00]
  Objective range  [1e+00, 1e+00]
  Bounds range     [0e+00, 0e+00]
  RHS range        [7e+00, 7e+03]
Presolve removed 800 rows and 400 columns
Presolve time: 0.03s
Presolve: All rows and columns removed
Iteration    Objective       Primal Inf.    Dual Inf.      Time
       0   -6.9065583e+04   0.000000e+00   0.000000e+00      0s

Solved in 0 iterations and 0.04 seconds
Optimal objective -6.906558261e+04

Gurobi 8.0.0 (linux64, Python) logging started Wed May 23 13:04:34 2018

Academic license - for non-commercial use only
Optimize a model with 800 rows, 400 columns and 1970 nonzeros
Coefficient statistics:
  Matrix range     [2e-01, 1e+00]
  Objective range  [1e+00, 1e+00]
  Bounds range     [0e+00, 0e+00]
  RHS range        [7e+00, 7e+03]
Presolve removed 800 rows and 400 columns
Presolve time: 0.00s
Presolve: All rows and columns removed
Iteration    Objective       Primal Inf.    Dual Inf.      Time
       0   -6.9065583e+04   0.000000e+00   0.000000e+00      0s

Solved in 0 iterations and 0.00 seconds
Optimal objective -6.906558261e+04

Gurobi 8.0.0 (linux64, Python) logging started Wed May 23 13:04:38 2018

Academic license - for non-commercial use only
Optimize a model with 800 rows, 400 columns and 1970 nonzeros
Coefficient statistics:
  Matrix range     [2e-01, 1e+00]
  Objective range  [1e+00, 1e+00]
  Bounds range     [0e+00, 0e+00]
  RHS range        [7e+00, 7e+03]
Presolve removed 800 rows and 400 columns
Presolve time: 0.00s
Presolve: All rows and columns removed
Iteration    Objective       Primal Inf.    Dual Inf.      Time
       0   -6.9065583e+04   0.000000e+00   0.000000e+00      0s

Solved in 0 iterations and 0.00 seconds
Optimal objective -6.906558261e+04
